2016/01/25 19:20:51 INFO  - jmeter.util.JMeterUtils: Setting Locale to pl_PL 
2016/01/25 19:20:51 INFO  - jmeter.util.JMeterUtils: Could not find resources for 'pl_PL', using 'pl' 
2016/01/25 19:20:51 INFO  - jmeter.JMeter: Loading user properties from: C:\Users\Kowal\Desktop\lab7\apache-jmeter-2.13\apache-jmeter-2.13\bin\user.properties 
2016/01/25 19:20:51 INFO  - jmeter.JMeter: Loading system properties from: C:\Users\Kowal\Desktop\lab7\apache-jmeter-2.13\apache-jmeter-2.13\bin\system.properties 
2016/01/25 19:20:51 INFO  - jmeter.JMeter: Copyright (c) 1998-2015 The Apache Software Foundation 
2016/01/25 19:20:51 INFO  - jmeter.JMeter: Version 2.13 r1665067 
2016/01/25 19:20:51 INFO  - jmeter.JMeter: java.version=1.7.0_79 
2016/01/25 19:20:51 INFO  - jmeter.JMeter: java.vm.name=Java HotSpot(TM) 64-Bit Server VM 
2016/01/25 19:20:51 INFO  - jmeter.JMeter: os.name=Windows 7 
2016/01/25 19:20:51 INFO  - jmeter.JMeter: os.arch=amd64 
2016/01/25 19:20:51 INFO  - jmeter.JMeter: os.version=6.1 
2016/01/25 19:20:51 INFO  - jmeter.JMeter: file.encoding=Cp1250 
2016/01/25 19:20:51 INFO  - jmeter.JMeter: Default Locale=polski (Polska) 
2016/01/25 19:20:51 INFO  - jmeter.JMeter: JMeter  Locale=polski (Polska) 
2016/01/25 19:20:51 INFO  - jmeter.JMeter: JMeterHome=C:\Users\Kowal\Desktop\lab7\apache-jmeter-2.13\apache-jmeter-2.13 
2016/01/25 19:20:51 INFO  - jmeter.JMeter: user.dir  =C:\Users\Kowal\Desktop\lab7\apache-jmeter-2.13\apache-jmeter-2.13\bin 
2016/01/25 19:20:51 INFO  - jmeter.JMeter: PWD       =C:\Users\Kowal\Desktop\lab7\apache-jmeter-2.13\apache-jmeter-2.13\bin 
2016/01/25 19:20:51 INFO  - jmeter.JMeter: IP: 192.168.0.19 Name: Kowal-Komputer FullName: 192.168.0.19 
2016/01/25 19:20:51 INFO  - jmeter.gui.action.LookAndFeelCommand: Using look and feel: javax.swing.plaf.metal.MetalLookAndFeel [Metal, CrossPlatform] 
2016/01/25 19:20:51 INFO  - jmeter.JMeter: Loaded icon properties from org/apache/jmeter/images/icon.properties 
2016/01/25 19:20:52 INFO  - jmeter.engine.util.CompoundVariable: Note: Function class names must contain the string: '.functions.' 
2016/01/25 19:20:52 INFO  - jmeter.engine.util.CompoundVariable: Note: Function class names must not contain the string: '.gui.' 
2016/01/25 19:20:52 INFO  - jmeter.util.BSFTestElement: Registering JMeter version of JavaScript engine as work-round for BSF-22 
2016/01/25 19:20:53 INFO  - jmeter.protocol.http.sampler.HTTPSamplerBase: Cannot find .className property for htmlParser, using default 
2016/01/25 19:20:53 INFO  - jmeter.protocol.http.sampler.HTTPSamplerBase: Parser for text/html is  
2016/01/25 19:20:53 INFO  - jmeter.protocol.http.sampler.HTTPSamplerBase: Parser for application/xhtml+xml is  
2016/01/25 19:20:53 INFO  - jmeter.protocol.http.sampler.HTTPSamplerBase: Parser for application/xml is  
2016/01/25 19:20:53 INFO  - jmeter.protocol.http.sampler.HTTPSamplerBase: Parser for text/xml is  
2016/01/25 19:20:53 INFO  - jmeter.protocol.http.sampler.HTTPSamplerBase: Parser for text/vnd.wap.wml is org.apache.jmeter.protocol.http.parser.RegexpHTMLParser 
2016/01/25 19:20:53 INFO  - jmeter.gui.util.MenuFactory: Skipping org.apache.jmeter.protocol.http.control.gui.WebServiceSamplerGui 
2016/01/25 19:20:53 INFO  - jmeter.gui.util.MenuFactory: Skipping org.apache.jmeter.protocol.http.modifier.gui.ParamModifierGui 
2016/01/25 19:20:53 INFO  - jorphan.exec.KeyToolUtils: keytool found at 'keytool' 
2016/01/25 19:20:53 INFO  - jmeter.protocol.http.proxy.ProxyControl: HTTP(S) Test Script Recorder SSL Proxy will use keys that support embedded 3rd party resources in file C:\Users\Kowal\Desktop\lab7\apache-jmeter-2.13\apache-jmeter-2.13\bin\proxyserver.jks 
2016/01/25 19:20:53 INFO  - jmeter.samplers.SampleResult: Note: Sample TimeStamps are START times 
2016/01/25 19:20:53 INFO  - jmeter.samplers.SampleResult: sampleresult.default.encoding is set to ISO-8859-1 
2016/01/25 19:20:53 INFO  - jmeter.samplers.SampleResult: sampleresult.useNanoTime=true 
2016/01/25 19:20:53 INFO  - jmeter.samplers.SampleResult: sampleresult.nanoThreadSleep=5000 
2016/01/25 19:25:43 INFO  - jmeter.protocol.http.proxy.ProxyControl: Valid alias found for :root_ca: 
2016/01/25 19:25:43 INFO  - jmeter.protocol.http.proxy.ProxyControl: Valid alias found for :intermediate_ca: 
2016/01/25 19:25:43 INFO  - jmeter.protocol.http.proxy.Daemon: Creating Daemon Socket on port: 8080 
2016/01/25 19:25:43 INFO  - jmeter.protocol.http.proxy.Daemon: Test Script Recorder up and running! 
2016/01/25 19:26:35 INFO  - jmeter.protocol.http.proxy.Proxy: Proxy will remove the headers: If-Modified-Since,If-None-Match,Host 
2016/01/25 19:26:35 INFO  - jmeter.protocol.http.proxy.Proxy: [64442] KeyStore for SSL loaded OK and put host 'platform.twitter.com' in map with key (platform.twitter.com) 
2016/01/25 19:26:35 INFO  - jmeter.protocol.http.proxy.Proxy: [64443] KeyStore for SSL loaded OK and put host 'www.apache.org' in map with key (www.apache.org) 
2016/01/25 19:26:35 WARN  - jmeter.protocol.http.proxy.Proxy: [64442] Problem with SSL certificate for 'platform.twitter.com'? Ensure browser is set to accept the JMeter proxy cert: Software caused connection abort: recv failed 
2016/01/25 19:26:35 INFO  - jmeter.samplers.SampleEvent: List of sample_variables: [] 
2016/01/25 19:26:35 WARN  - jmeter.protocol.http.proxy.Proxy: [64443] Problem with SSL certificate for 'www.apache.org'? Ensure browser is set to accept the JMeter proxy cert: Software caused connection abort: recv failed 
2016/01/25 19:26:42 WARN  - jmeter.protocol.http.proxy.Proxy: [64445] Problem with SSL certificate for 'platform.twitter.com'? Ensure browser is set to accept the JMeter proxy cert: Software caused connection abort: recv failed 
2016/01/25 19:26:42 WARN  - jmeter.protocol.http.proxy.Proxy: [64446] Problem with SSL certificate for 'www.apache.org'? Ensure browser is set to accept the JMeter proxy cert: Software caused connection abort: recv failed 
2016/01/25 19:26:44 WARN  - jmeter.protocol.http.proxy.Proxy: [64448] Problem with SSL certificate for 'platform.twitter.com'? Ensure browser is set to accept the JMeter proxy cert: Software caused connection abort: recv failed 
2016/01/25 19:26:44 WARN  - jmeter.protocol.http.proxy.Proxy: [64449] Problem with SSL certificate for 'www.apache.org'? Ensure browser is set to accept the JMeter proxy cert: Software caused connection abort: recv failed 
2016/01/25 19:26:45 WARN  - jmeter.protocol.http.proxy.Proxy: [64450] Problem with SSL certificate for 'platform.twitter.com'? Ensure browser is set to accept the JMeter proxy cert: Software caused connection abort: recv failed 
2016/01/25 19:26:45 WARN  - jmeter.protocol.http.proxy.Proxy: [64451] Problem with SSL certificate for 'www.apache.org'? Ensure browser is set to accept the JMeter proxy cert: Software caused connection abort: recv failed 
2016/01/25 19:26:46 INFO  - jmeter.protocol.http.sampler.HTTPHCAbstractImpl: Local host = Kowal-Komputer 
2016/01/25 19:26:46 INFO  - jmeter.protocol.http.sampler.HTTPHC4Impl: HTTP request retry count = 0 
2016/01/25 19:26:46 INFO  - jmeter.protocol.http.sampler.HTTPHC4Impl: Setting up HTTPS TrustAll scheme 
2016/01/25 19:26:46 INFO  - jmeter.util.JsseSSLManager: Using default SSL protocol: TLS 
2016/01/25 19:26:46 INFO  - jmeter.util.JsseSSLManager: SSL session context: per-thread 
2016/01/25 19:26:46 INFO  - jmeter.protocol.http.proxy.FormCharSetFinder: Using htmlparser version: 2.0 (Release Build Sep 17, 2006) 
2016/01/25 19:26:47 INFO  - jmeter.protocol.http.proxy.Proxy: [64517] KeyStore for SSL loaded OK and put host 'safebrowsing.google.com' in map with key (safebrowsing.google.com) 
2016/01/25 19:26:47 WARN  - jmeter.protocol.http.proxy.Proxy: [64517] Problem with SSL certificate for 'safebrowsing.google.com'? Ensure browser is set to accept the JMeter proxy cert: Received fatal alert: unknown_ca 
2016/01/25 19:26:47 WARN  - jmeter.protocol.http.proxy.Proxy: [64518] Problem with SSL certificate for 'platform.twitter.com'? Ensure browser is set to accept the JMeter proxy cert: Received fatal alert: unknown_ca 
2016/01/25 19:26:48 WARN  - jmeter.protocol.http.proxy.Proxy: [64770] Problem with SSL certificate for 'www.apache.org'? Ensure browser is set to accept the JMeter proxy cert: Software caused connection abort: recv failed 
2016/01/25 19:26:48 ERROR - jmeter.protocol.http.proxy.Proxy:  java.net.SocketException: Software caused connection abort: socket write error
	at java.net.SocketOutputStream.socketWrite0(Native Method)
	at java.net.SocketOutputStream.socketWrite(Unknown Source)
	at java.net.SocketOutputStream.write(Unknown Source)
	at java.io.BufferedOutputStream.write(Unknown Source)
	at java.io.FilterOutputStream.write(Unknown Source)
	at org.apache.jmeter.protocol.http.proxy.Proxy.writeToClient(Proxy.java:494)
	at org.apache.jmeter.protocol.http.proxy.Proxy.run(Proxy.java:247)

2016/01/25 19:26:48 ERROR - jmeter.protocol.http.proxy.Proxy: [64768] Exception when processing sample java.net.SocketException: Software caused connection abort: socket write error
	at java.net.SocketOutputStream.socketWrite0(Native Method)
	at java.net.SocketOutputStream.socketWrite(Unknown Source)
	at java.net.SocketOutputStream.write(Unknown Source)
	at java.io.BufferedOutputStream.write(Unknown Source)
	at java.io.FilterOutputStream.write(Unknown Source)
	at org.apache.jmeter.protocol.http.proxy.Proxy.writeToClient(Proxy.java:494)
	at org.apache.jmeter.protocol.http.proxy.Proxy.run(Proxy.java:247)

2016/01/25 19:26:48 WARN  - jmeter.protocol.http.proxy.Proxy: [64768] Exception while writing error java.net.SocketException: Socket is closed
	at java.net.Socket.getOutputStream(Unknown Source)
	at org.apache.jmeter.protocol.http.proxy.Proxy.writeErrorToClient(Proxy.java:570)
	at org.apache.jmeter.protocol.http.proxy.Proxy.run(Proxy.java:263)

2016/01/25 19:26:48 ERROR - jmeter.protocol.http.proxy.Proxy:  java.net.SocketException: Software caused connection abort: socket write error
	at java.net.SocketOutputStream.socketWrite0(Native Method)
	at java.net.SocketOutputStream.socketWrite(Unknown Source)
	at java.net.SocketOutputStream.write(Unknown Source)
	at java.io.BufferedOutputStream.write(Unknown Source)
	at java.io.FilterOutputStream.write(Unknown Source)
	at org.apache.jmeter.protocol.http.proxy.Proxy.writeToClient(Proxy.java:494)
	at org.apache.jmeter.protocol.http.proxy.Proxy.run(Proxy.java:247)

2016/01/25 19:26:48 ERROR - jmeter.protocol.http.proxy.Proxy: [64756] Exception when processing sample java.net.SocketException: Software caused connection abort: socket write error
	at java.net.SocketOutputStream.socketWrite0(Native Method)
	at java.net.SocketOutputStream.socketWrite(Unknown Source)
	at java.net.SocketOutputStream.write(Unknown Source)
	at java.io.BufferedOutputStream.write(Unknown Source)
	at java.io.FilterOutputStream.write(Unknown Source)
	at org.apache.jmeter.protocol.http.proxy.Proxy.writeToClient(Proxy.java:494)
	at org.apache.jmeter.protocol.http.proxy.Proxy.run(Proxy.java:247)

2016/01/25 19:26:48 WARN  - jmeter.protocol.http.proxy.Proxy: [64756] Exception while writing error java.net.SocketException: Socket is closed
	at java.net.Socket.getOutputStream(Unknown Source)
	at org.apache.jmeter.protocol.http.proxy.Proxy.writeErrorToClient(Proxy.java:570)
	at org.apache.jmeter.protocol.http.proxy.Proxy.run(Proxy.java:263)

2016/01/25 19:26:48 INFO  - jmeter.protocol.http.proxy.Proxy: [64781] KeyStore for SSL loaded OK and put host 'www.googleapis.com' in map with key (www.googleapis.com) 
2016/01/25 19:26:48 WARN  - jmeter.protocol.http.proxy.Proxy: [64781] Problem with SSL certificate for 'www.googleapis.com'? Ensure browser is set to accept the JMeter proxy cert: Connection reset 
2016/01/25 19:26:48 INFO  - jmeter.protocol.http.proxy.Proxy: [64789] KeyStore for SSL loaded OK and put host 'cse.google.com' in map with key (cse.google.com) 
2016/01/25 19:26:48 WARN  - jmeter.protocol.http.proxy.Proxy: [64789] Problem with SSL certificate for 'cse.google.com'? Ensure browser is set to accept the JMeter proxy cert: Received fatal alert: unknown_ca 
2016/01/25 19:26:51 WARN  - jmeter.protocol.http.proxy.Proxy: [64797] Problem with SSL certificate for 'www.googleapis.com'? Ensure browser is set to accept the JMeter proxy cert: Software caused connection abort: recv failed 
2016/01/25 19:26:51 WARN  - jmeter.protocol.http.proxy.Proxy: [64803] Problem with SSL certificate for 'cse.google.com'? Ensure browser is set to accept the JMeter proxy cert: Software caused connection abort: recv failed 
2016/01/25 19:26:54 WARN  - jmeter.protocol.http.proxy.Proxy: [64811] Problem with SSL certificate for 'platform.twitter.com'? Ensure browser is set to accept the JMeter proxy cert: Received fatal alert: unknown_ca 
2016/01/25 19:26:54 WARN  - jmeter.protocol.http.proxy.Proxy: [64812] Problem with SSL certificate for 'www.apache.org'? Ensure browser is set to accept the JMeter proxy cert: Software caused connection abort: recv failed 
2016/01/25 19:27:14 INFO  - jmeter.protocol.http.proxy.Proxy: [64816] KeyStore for SSL loaded OK and put host 'aus3.mozilla.org' in map with key (aus3.mozilla.org) 
2016/01/25 19:27:14 WARN  - jmeter.protocol.http.proxy.Proxy: [64816] Problem with SSL certificate for 'aus3.mozilla.org'? Ensure browser is set to accept the JMeter proxy cert: Received fatal alert: unknown_ca 
2016/01/25 19:27:18 WARN  - jmeter.protocol.http.proxy.Proxy: [64819] Problem with SSL certificate for 'platform.twitter.com'? Ensure browser is set to accept the JMeter proxy cert: Software caused connection abort: recv failed 
2016/01/25 19:27:18 WARN  - jmeter.protocol.http.proxy.Proxy: [64820] Problem with SSL certificate for 'www.apache.org'? Ensure browser is set to accept the JMeter proxy cert: Software caused connection abort: recv failed 
2016/01/25 19:27:20 WARN  - jmeter.protocol.http.proxy.Proxy: [64821] Problem with SSL certificate for 'safebrowsing.google.com'? Ensure browser is set to accept the JMeter proxy cert: Software caused connection abort: recv failed 
2016/01/25 19:27:22 WARN  - jmeter.protocol.http.proxy.Proxy: [64822] Problem with SSL certificate for 'www.apache.org'? Ensure browser is set to accept the JMeter proxy cert: Software caused connection abort: recv failed 
2016/01/25 19:27:23 WARN  - jmeter.protocol.http.proxy.Proxy: [64823] Problem with SSL certificate for 'platform.twitter.com'? Ensure browser is set to accept the JMeter proxy cert: Software caused connection abort: recv failed 
2016/01/25 19:27:23 WARN  - jmeter.protocol.http.proxy.Proxy: [64824] Problem with SSL certificate for 'www.apache.org'? Ensure browser is set to accept the JMeter proxy cert: Software caused connection abort: recv failed 
2016/01/25 19:27:24 WARN  - jmeter.protocol.http.proxy.Proxy: [64830] Problem with SSL certificate for 'platform.twitter.com'? Ensure browser is set to accept the JMeter proxy cert: Software caused connection abort: recv failed 
2016/01/25 19:27:24 WARN  - jmeter.protocol.http.proxy.Proxy: [64831] Problem with SSL certificate for 'www.apache.org'? Ensure browser is set to accept the JMeter proxy cert: Software caused connection abort: recv failed 
2016/01/25 19:27:26 WARN  - jmeter.protocol.http.proxy.Proxy: [64840] Problem with SSL certificate for 'www.googleapis.com'? Ensure browser is set to accept the JMeter proxy cert: Received fatal alert: unknown_ca 
2016/01/25 19:27:26 WARN  - jmeter.protocol.http.proxy.Proxy: [64847] Problem with SSL certificate for 'cse.google.com'? Ensure browser is set to accept the JMeter proxy cert: Received fatal alert: unknown_ca 
2016/01/25 19:29:17 INFO  - jmeter.services.FileServer: Default base='C:\Users\Kowal\Desktop\lab7\apache-jmeter-2.13\apache-jmeter-2.13\bin' 
2016/01/25 19:29:17 INFO  - jmeter.services.FileServer: Set new base='C:\Users\Kowal\Desktop\lab7\apache-jmeter-2.13\apache-jmeter-2.13\bin' 
2016/01/25 19:29:18 INFO  - jmeter.save.SaveService: Testplan (JMX) version: 2.2. Testlog (JTL) version: 2.2 
2016/01/25 19:29:18 INFO  - jmeter.save.SaveService: Using SaveService properties file encoding UTF-8 
2016/01/25 19:29:18 INFO  - jmeter.save.SaveService: Using SaveService properties file version 1656252 
2016/01/25 19:29:18 INFO  - jmeter.save.SaveService: Using SaveService properties version 2.8 
2016/01/25 19:29:18 INFO  - jmeter.save.SaveService: All converter versions present and correct 
2016/01/25 19:29:25 INFO  - jmeter.engine.StandardJMeterEngine: Listeners will be started after enabling running version 
2016/01/25 19:29:25 INFO  - jmeter.engine.StandardJMeterEngine: To revert to the earlier behaviour, define jmeterengine.startlistenerslater=false 
2016/01/25 19:29:25 INFO  - jmeter.engine.StandardJMeterEngine: Running the test! 
2016/01/25 19:29:25 INFO  - jmeter.samplers.SampleEvent: List of sample_variables: [] 
2016/01/25 19:29:25 INFO  - jmeter.gui.util.JMeterMenuBar: setRunning(true,*local*) 
2016/01/25 19:29:25 INFO  - jmeter.engine.StandardJMeterEngine: Starting ThreadGroup: 1 : Grupa w¹tków 
2016/01/25 19:29:25 INFO  - jmeter.engine.StandardJMeterEngine: Starting 5 threads for group Grupa w¹tków. 
2016/01/25 19:29:25 INFO  - jmeter.engine.StandardJMeterEngine: Thread will continue on error 
2016/01/25 19:29:25 INFO  - jmeter.threads.ThreadGroup: Starting thread group number 1 threads 5 ramp-up 1 perThread 200.0 delayedStart=false 
2016/01/25 19:29:25 INFO  - jmeter.threads.JMeterThread: jmeterthread.startearlier=true (see jmeter.properties) 
2016/01/25 19:29:25 INFO  - jmeter.threads.JMeterThread: Running PostProcessors in forward order 
2016/01/25 19:29:25 INFO  - jmeter.threads.JMeterThread: Thread started: Grupa w¹tków 1-1 
2016/01/25 19:29:25 INFO  - jmeter.threads.ThreadGroup: Started thread group number 1 
2016/01/25 19:29:25 INFO  - jmeter.engine.StandardJMeterEngine: All thread groups have been started 
2016/01/25 19:29:25 INFO  - jmeter.threads.JMeterThread: Thread started: Grupa w¹tków 1-2 
2016/01/25 19:29:25 INFO  - jmeter.threads.JMeterThread: Thread started: Grupa w¹tków 1-3 
2016/01/25 19:29:25 INFO  - jmeter.threads.JMeterThread: Thread started: Grupa w¹tków 1-4 
2016/01/25 19:29:26 INFO  - jmeter.threads.JMeterThread: Thread started: Grupa w¹tków 1-5 
2016/01/25 19:29:49 INFO  - jmeter.threads.JMeterThread: Thread is done: Grupa w¹tków 1-3 
2016/01/25 19:29:49 INFO  - jmeter.threads.JMeterThread: Thread finished: Grupa w¹tków 1-3 
2016/01/25 19:29:51 INFO  - jmeter.threads.JMeterThread: Thread is done: Grupa w¹tków 1-2 
2016/01/25 19:29:51 INFO  - jmeter.threads.JMeterThread: Thread finished: Grupa w¹tków 1-2 
2016/01/25 19:29:53 INFO  - jmeter.threads.JMeterThread: Thread is done: Grupa w¹tków 1-5 
2016/01/25 19:29:53 INFO  - jmeter.threads.JMeterThread: Thread finished: Grupa w¹tków 1-5 
2016/01/25 19:30:01 INFO  - jmeter.threads.JMeterThread: Thread is done: Grupa w¹tków 1-1 
2016/01/25 19:30:01 INFO  - jmeter.threads.JMeterThread: Thread finished: Grupa w¹tków 1-1 
2016/01/25 19:30:04 INFO  - jmeter.threads.JMeterThread: Thread is done: Grupa w¹tków 1-4 
2016/01/25 19:30:04 INFO  - jmeter.threads.JMeterThread: Thread finished: Grupa w¹tków 1-4 
2016/01/25 19:30:04 INFO  - jmeter.engine.StandardJMeterEngine: Notifying test listeners of end of test 
2016/01/25 19:30:04 INFO  - jmeter.gui.util.JMeterMenuBar: setRunning(false,*local*) 
2016/01/25 19:34:18 INFO  - jmeter.reporters.ResultCollector: Shutdown hook started 
2016/01/25 19:34:18 INFO  - jmeter.reporters.ResultCollector: Shutdown hook ended 
